Crashlog created at 2016-02-12 14:32:18 -0500

===== MESSAGE:

NameError: uninitialized constant Nanoc3

===== COMPILATION STACK:

  (empty)

===== STACK TRACE:

  0. lib/default.rb:1:in `<main>'
  1. /Users/ThoughtWorks/.rvm/gems/ruby-2.2.4/gems/nanoc-4.1.3/lib/nanoc/base/entities/code_snippet.rb:31:in `eval'
  2. /Users/ThoughtWorks/.rvm/gems/ruby-2.2.4/gems/nanoc-4.1.3/lib/nanoc/base/entities/code_snippet.rb:31:in `load'
  3. /Users/ThoughtWorks/.rvm/gems/ruby-2.2.4/gems/nanoc-4.1.3/lib/nanoc/base/repos/site_loader.rb:24:in `each'
  4. /Users/ThoughtWorks/.rvm/gems/ruby-2.2.4/gems/nanoc-4.1.3/lib/nanoc/base/repos/site_loader.rb:24:in `site_from_config'
  5. /Users/ThoughtWorks/.rvm/gems/ruby-2.2.4/gems/nanoc-4.1.3/lib/nanoc/base/repos/site_loader.rb:12:in `new_from_cwd'
  6. /Users/ThoughtWorks/.rvm/gems/ruby-2.2.4/gems/nanoc-4.1.3/lib/nanoc/cli/command_runner.rb:24:in `site'
  7. /Users/ThoughtWorks/.rvm/gems/ruby-2.2.4/gems/nanoc-4.1.3/lib/nanoc/cli/error_handler.rb:156:in `site'
  8. /Users/ThoughtWorks/.rvm/gems/ruby-2.2.4/gems/nanoc-4.1.3/lib/nanoc/cli/error_handler.rb:161:in `compiler'
  9. /Users/ThoughtWorks/.rvm/gems/ruby-2.2.4/gems/nanoc-4.1.3/lib/nanoc/cli/error_handler.rb:166:in `stack'
  10. /Users/ThoughtWorks/.rvm/gems/ruby-2.2.4/gems/nanoc-4.1.3/lib/nanoc/cli/error_handler.rb:270:in `write_compilation_stack'
  11. /Users/ThoughtWorks/.rvm/gems/ruby-2.2.4/gems/nanoc-4.1.3/lib/nanoc/cli/error_handler.rb:116:in `write_compact_error'
  12. /Users/ThoughtWorks/.rvm/gems/ruby-2.2.4/gems/nanoc-4.1.3/lib/nanoc/cli/error_handler.rb:92:in `print_error'
  13. /Users/ThoughtWorks/.rvm/gems/ruby-2.2.4/gems/nanoc-4.1.3/lib/nanoc/cli/error_handler.rb:71:in `rescue in handle_while'
  14. /Users/ThoughtWorks/.rvm/gems/ruby-2.2.4/gems/nanoc-4.1.3/lib/nanoc/cli/error_handler.rb:45:in `handle_while'
  15. /Users/ThoughtWorks/.rvm/gems/ruby-2.2.4/gems/nanoc-4.1.3/lib/nanoc/cli/error_handler.rb:22:in `handle_while'
  16. /Users/ThoughtWorks/.rvm/gems/ruby-2.2.4/gems/nanoc-4.1.3/lib/nanoc/cli/command_runner.rb:11:in `call'
  17. /Users/ThoughtWorks/.rvm/gems/ruby-2.2.4/gems/cri-2.7.0/lib/cri/command_dsl.rb:233:in `block in runner'
  18. /Users/ThoughtWorks/.rvm/gems/ruby-2.2.4/gems/cri-2.7.0/lib/cri/command.rb:294:in `call'
  19. /Users/ThoughtWorks/.rvm/gems/ruby-2.2.4/gems/cri-2.7.0/lib/cri/command.rb:294:in `run_this'
  20. /Users/ThoughtWorks/.rvm/gems/ruby-2.2.4/gems/cri-2.7.0/lib/cri/command.rb:247:in `run'
  21. /Users/ThoughtWorks/.rvm/gems/ruby-2.2.4/gems/nanoc-4.1.3/lib/nanoc/cli/commands/nanoc.rb:37:in `block in define'
  22. /Users/ThoughtWorks/.rvm/gems/ruby-2.2.4/gems/cri-2.7.0/lib/cri/command.rb:294:in `call'
  23. /Users/ThoughtWorks/.rvm/gems/ruby-2.2.4/gems/cri-2.7.0/lib/cri/command.rb:294:in `run_this'
  24. /Users/ThoughtWorks/.rvm/gems/ruby-2.2.4/gems/cri-2.7.0/lib/cri/command.rb:247:in `run'
  25. /Users/ThoughtWorks/.rvm/gems/ruby-2.2.4/gems/nanoc-4.1.3/lib/nanoc/cli.rb:53:in `block in run'
  26. /Users/ThoughtWorks/.rvm/gems/ruby-2.2.4/gems/nanoc-4.1.3/lib/nanoc/cli/error_handler.rb:64:in `handle_while'
  27. /Users/ThoughtWorks/.rvm/gems/ruby-2.2.4/gems/nanoc-4.1.3/lib/nanoc/cli/error_handler.rb:22:in `handle_while'
  28. /Users/ThoughtWorks/.rvm/gems/ruby-2.2.4/gems/nanoc-4.1.3/lib/nanoc/cli.rb:51:in `run'
  29. /Users/ThoughtWorks/.rvm/gems/ruby-2.2.4/gems/nanoc-4.1.3/bin/nanoc:9:in `<top (required)>'
  30. /Users/ThoughtWorks/.rvm/gems/ruby-2.2.4/bin/nanoc:23:in `load'
  31. /Users/ThoughtWorks/.rvm/gems/ruby-2.2.4/bin/nanoc:23:in `<main>'
  32. /Users/ThoughtWorks/.rvm/gems/ruby-2.2.4/bin/ruby_executable_hooks:15:in `eval'

===== VERSION INFORMATION:

Nanoc 4.1.3 © 2007-2016 Denis Defreyne.
Running ruby 2.2.4 (2015-12-16) on x86_64-darwin15 with RubyGems 2.4.8.

===== SYSTEM INFORMATION:

Darwin dynex.home 15.3.0 Darwin Kernel Version 15.3.0: Thu Dec 10 18:40:58 PST 2015; root:xnu-3248.30.4~1/RELEASE_X86_64 x86_64

===== INSTALLED GEMS:

  adsf 1.2.0
  builder 3.2.2
  bundler 1.11.2
  colored 1.2
  cri 2.7.0
  daemons 1.2.3
  eventmachine 1.0.9.1
  foreman 0.78.0
  git-version-bump 0.15.1
  mime-types 3.0
  mime-types-data 3.2015.1120
  nanoc 4.1.3
  nanoc3 3.3.0
  rack 1.6.4
  rack-contrib 1.4.0
  rack-rewrite 1.5.1
  rake 10.5.0
  thin 1.6.4
  thor 0.19.1

===== GEMFILE.LOCK:

GEM
  remote: https://rubygems.org/
  specs:
    adsf (1.2.0)
      rack (>= 1.0.0)
    builder (3.2.2)
    colored (1.2)
    cri (2.7.0)
      colored (~> 1.2)
    daemons (1.2.3)
    eventmachine (1.0.9.1)
    foreman (0.78.0)
      thor (~> 0.19.1)
    git-version-bump (0.15.1)
    mime-types (3.0)
      mime-types-data (~> 3.2015)
    mime-types-data (3.2015.1120)
    nanoc (4.1.3)
      cri (~> 2.3)
    nanoc3 (3.3.0)
      nanoc (>= 3.3.0)
    rack (1.6.4)
    rack-contrib (1.4.0)
      git-version-bump (~> 0.15)
      rack (~> 1.4)
    rack-rewrite (1.5.1)
    rake (10.5.0)
    thin (1.6.4)
      daemons (~> 1.0, >= 1.0.9)
      eventmachine (~> 1.0, >= 1.0.4)
      rack (~> 1.0)
    thor (0.19.1)

PLATFORMS
  ruby

DEPENDENCIES
  adsf
  builder
  foreman
  mime-types
  nanoc
  nanoc3
  rack
  rack-contrib
  rack-rewrite
  rake
  thin

BUNDLED WITH
   1.11.2

===== LOAD PATHS:

  0. /Users/ThoughtWorks/.rvm/gems/ruby-2.2.4/gems/thin-1.6.4/lib
  1. /Users/ThoughtWorks/.rvm/gems/ruby-2.2.4/extensions/x86_64-darwin-15/2.2.0/thin-1.6.4
  2. /Users/ThoughtWorks/.rvm/gems/ruby-2.2.4/gems/rack-rewrite-1.5.1/lib
  3. /Users/ThoughtWorks/.rvm/gems/ruby-2.2.4/gems/rack-contrib-1.4.0/lib
  4. /Users/ThoughtWorks/.rvm/gems/ruby-2.2.4/gems/nanoc3-3.3.0/lib
  5. /Users/ThoughtWorks/.rvm/gems/ruby-2.2.4/gems/nanoc-4.1.3/lib
  6. /Users/ThoughtWorks/.rvm/gems/ruby-2.2.4/gems/mime-types-3.0/lib
  7. /Users/ThoughtWorks/.rvm/gems/ruby-2.2.4/gems/mime-types-data-3.2015.1120/lib
  8. /Users/ThoughtWorks/.rvm/gems/ruby-2.2.4/gems/git-version-bump-0.15.1/lib
  9. /Users/ThoughtWorks/.rvm/gems/ruby-2.2.4/gems/foreman-0.78.0/lib
  10. /Users/ThoughtWorks/.rvm/gems/ruby-2.2.4@global/gems/thor-0.19.1/lib
  11. /Users/ThoughtWorks/.rvm/gems/ruby-2.2.4/gems/eventmachine-1.0.9.1/lib
  12. /Users/ThoughtWorks/.rvm/gems/ruby-2.2.4/extensions/x86_64-darwin-15/2.2.0/eventmachine-1.0.9.1
  13. /Users/ThoughtWorks/.rvm/gems/ruby-2.2.4@global/gems/daemons-1.2.3/lib
  14. /Users/ThoughtWorks/.rvm/gems/ruby-2.2.4/gems/cri-2.7.0/lib
  15. /Users/ThoughtWorks/.rvm/gems/ruby-2.2.4/gems/colored-1.2/lib
  16. /Users/ThoughtWorks/.rvm/gems/ruby-2.2.4@global/gems/builder-3.2.2/lib
  17. /Users/ThoughtWorks/.rvm/gems/ruby-2.2.4/gems/adsf-1.2.0/lib
  18. /Users/ThoughtWorks/.rvm/gems/ruby-2.2.4@global/gems/rack-1.6.4/lib
  19. /Users/ThoughtWorks/.rvm/gems/ruby-2.2.4/gems/rake-10.5.0/lib
  20. /Users/ThoughtWorks/.rvm/gems/ruby-2.2.4@global/gems/bundler-1.11.2/lib
  21. /Users/ThoughtWorks/.rvm/rubies/ruby-2.2.4/lib/ruby/site_ruby/2.2.0
  22. /Users/ThoughtWorks/.rvm/rubies/ruby-2.2.4/lib/ruby/site_ruby/2.2.0/x86_64-darwin15
  23. /Users/ThoughtWorks/.rvm/rubies/ruby-2.2.4/lib/ruby/site_ruby
  24. /Users/ThoughtWorks/.rvm/rubies/ruby-2.2.4/lib/ruby/vendor_ruby/2.2.0
  25. /Users/ThoughtWorks/.rvm/rubies/ruby-2.2.4/lib/ruby/vendor_ruby/2.2.0/x86_64-darwin15
  26. /Users/ThoughtWorks/.rvm/rubies/ruby-2.2.4/lib/ruby/vendor_ruby
  27. /Users/ThoughtWorks/.rvm/rubies/ruby-2.2.4/lib/ruby/2.2.0
  28. /Users/ThoughtWorks/.rvm/rubies/ruby-2.2.4/lib/ruby/2.2.0/x86_64-darwin15
